[0.018s] Invoking command in '/host_ros2_ws/build/cirs_girona_cala_viuda': /usr/bin/cmake /host_ros2_ws/cirs_girona_cala_viuda -DCATKIN_INSTALL_INTO_PREFIX_ROOT=0 -DCMAKE_INSTALL_PREFIX=/host_ros2_ws/install/cirs_girona_cala_viuda
[0.035s] [0mCMake Deprecation Warning at CMakeLists.txt:1 (cmake_minimum_required):
[0.035s]   Compatibility with CMake < 2.8.12 will be removed from a future version of
[0.035s]   CMake.
[0.035s] 
[0.036s]   Update the VERSION argument <min> value or use a ...<max> suffix to tell
[0.036s]   CMake that the project does not need compatibility with older versions.
[0.036s] 
[0.036s] [0m
[0.062s] [31mCMake Error at CMakeLists.txt:7 (find_package):
[0.062s]   By not providing "Findcatkin.cmake" in CMAKE_MODULE_PATH this project has
[0.063s]   asked CMake to find a package configuration file provided by "catkin", but
[0.063s]   CMake did not find one.
[0.063s] 
[0.063s]   Could not find a package configuration file provided by "catkin" with any
[0.063s]   of the following names:
[0.063s] 
[0.063s]     catkinConfig.cmake
[0.063s]     catkin-config.cmake
[0.063s] 
[0.064s]   Add the installation prefix of "catkin" to CMAKE_PREFIX_PATH or set
[0.064s]   "catkin_DIR" to a directory containing one of the above files.  If "catkin"
[0.064s]   provides a separate development package or SDK, be sure it has been
[0.064s]   installed.
[0.064s] 
[0.064s] [0m
[0.064s] -- Configuring incomplete, errors occurred!
[0.064s] See also "/host_ros2_ws/build/cirs_girona_cala_viuda/CMakeFiles/CMakeOutput.log".
[0.066s] Invoked command in '/host_ros2_ws/build/cirs_girona_cala_viuda' returned '1': /usr/bin/cmake /host_ros2_ws/cirs_girona_cala_viuda -DCATKIN_INSTALL_INTO_PREFIX_ROOT=0 -DCMAKE_INSTALL_PREFIX=/host_ros2_ws/install/cirs_girona_cala_viuda
