[0.189s] DEBUG:colcon:Command line arguments: ['/usr/bin/colcon', 'build', '--packages-select', 'cirs_girona_cala_viuda', '--executor', 'sequential', '--cmake-target', 'all']
[0.190s] DEBUG:colcon:Parsed command line arguments: Namespace(log_base=None, log_level=None, verb_name='build', build_base='build', install_base='install', merge_install=False, symlink_install=False, test_result_base=None, continue_on_error=False, executor='sequential', parallel_workers=8, event_handlers=None, ignore_user_meta=False, metas=['./colcon.meta'], base_paths=['.'], packages_ignore=None, packages_ignore_regex=None, paths=None, packages_up_to=None, packages_up_to_regex=None, packages_above=None, packages_above_and_dependencies=None, packages_above_depth=None, packages_select_by_dep=None, packages_skip_by_dep=None, packages_skip_up_to=None, packages_select_build_failed=False, packages_skip_build_finished=False, packages_select_test_failures=False, packages_skip_test_passed=False, packages_select=['cirs_girona_cala_viuda'], packages_skip=None, packages_select_regex=None, packages_skip_regex=None, packages_start=None, packages_end=None, allow_overriding=[], cmake_args=None, cmake_target='all', cmake_target_skip_unavailable=False, cmake_clean_cache=False, cmake_clean_first=False, cmake_force_configure=False, ament_cmake_args=None, catkin_cmake_args=None, catkin_skip_building_tests=False, verb_parser=<colcon_defaults.argument_parser.defaults.DefaultArgumentsDecorator object at 0xffff851cd930>, verb_extension=<colcon_core.verb.build.BuildVerb object at 0xffff85376da0>, main=<bound method BuildVerb.main of <colcon_core.verb.build.BuildVerb object at 0xffff85376da0>>)
[0.446s] Level 1:colcon.colcon_core.package_discovery:discover_packages(colcon_meta) check parameters
[0.446s] Level 1:colcon.colcon_core.package_discovery:discover_packages(recursive) check parameters
[0.447s] Level 1:colcon.colcon_core.package_discovery:discover_packages(ignore) check parameters
[0.447s] Level 1:colcon.colcon_core.package_discovery:discover_packages(path) check parameters
[0.447s] Level 1:colcon.colcon_core.package_discovery:discover_packages(colcon_meta) discover
[0.447s] Level 1:colcon.colcon_core.package_discovery:discover_packages(recursive) discover
[0.447s] INFO:colcon.colcon_core.package_discovery:Crawling recursively for packages in '/host_ros2_ws'
[0.447s] Level 1:colcon.colcon_core.package_identification:_identify(.) by extensions ['ignore', 'ignore_ament_install']
[0.447s] Level 1:colcon.colcon_core.package_identification:_identify(.) by extension 'ignore'
[0.448s] Level 1:colcon.colcon_core.package_identification:_identify(.) by extension 'ignore_ament_install'
[0.448s] Level 1:colcon.colcon_core.package_identification:_identify(.) by extensions ['colcon_pkg']
[0.448s] Level 1:colcon.colcon_core.package_identification:_identify(.) by extension 'colcon_pkg'
[0.448s] Level 1:colcon.colcon_core.package_identification:_identify(.) by extensions ['colcon_meta']
[0.448s] Level 1:colcon.colcon_core.package_identification:_identify(.) by extension 'colcon_meta'
[0.448s] Level 1:colcon.colcon_core.package_identification:_identify(.) by extensions ['ros']
[0.448s] Level 1:colcon.colcon_core.package_identification:_identify(.) by extension 'ros'
[0.468s] Level 1:colcon.colcon_core.package_identification:_identify(.) by extensions ['cmake', 'python']
[0.468s] Level 1:colcon.colcon_core.package_identification:_identify(.) by extension 'cmake'
[0.468s] Level 1:colcon.colcon_core.package_identification:_identify(.) by extension 'python'
[0.469s] Level 1:colcon.colcon_core.package_identification:_identify(.) by extensions ['python_setup_py']
[0.469s] Level 1:colcon.colcon_core.package_identification:_identify(.) by extension 'python_setup_py'
[0.469s] Level 1:colcon.colcon_core.package_identification:_identify(build) by extensions ['ignore', 'ignore_ament_install']
[0.469s] Level 1:colcon.colcon_core.package_identification:_identify(build) by extension 'ignore'
[0.469s] Level 1:colcon.colcon_core.package_identification:_identify(build) ignored
[0.469s] Level 1:colcon.colcon_core.package_identification:_identify(cirs_girona_cala_viuda) by extensions ['ignore', 'ignore_ament_install']
[0.470s] Level 1:colcon.colcon_core.package_identification:_identify(cirs_girona_cala_viuda) by extension 'ignore'
[0.470s] Level 1:colcon.colcon_core.package_identification:_identify(cirs_girona_cala_viuda) by extension 'ignore_ament_install'
[0.470s] Level 1:colcon.colcon_core.package_identification:_identify(cirs_girona_cala_viuda) by extensions ['colcon_pkg']
[0.470s] Level 1:colcon.colcon_core.package_identification:_identify(cirs_girona_cala_viuda) by extension 'colcon_pkg'
[0.470s] Level 1:colcon.colcon_core.package_identification:_identify(cirs_girona_cala_viuda) by extensions ['colcon_meta']
[0.470s] Level 1:colcon.colcon_core.package_identification:_identify(cirs_girona_cala_viuda) by extension 'colcon_meta'
[0.470s] Level 1:colcon.colcon_core.package_identification:_identify(cirs_girona_cala_viuda) by extensions ['ros']
[0.470s] Level 1:colcon.colcon_core.package_identification:_identify(cirs_girona_cala_viuda) by extension 'ros'
[0.475s] DEBUG:colcon.colcon_core.package_identification:Package 'cirs_girona_cala_viuda' with type 'ros.catkin' and name 'cirs_girona_cala_viuda'
[0.476s] Level 1:colcon.colcon_core.package_identification:_identify(install) by extensions ['ignore', 'ignore_ament_install']
[0.476s] Level 1:colcon.colcon_core.package_identification:_identify(install) by extension 'ignore'
[0.476s] Level 1:colcon.colcon_core.package_identification:_identify(install) ignored
[0.476s] Level 1:colcon.colcon_core.package_identification:_identify(log) by extensions ['ignore', 'ignore_ament_install']
[0.476s] Level 1:colcon.colcon_core.package_identification:_identify(log) by extension 'ignore'
[0.476s] Level 1:colcon.colcon_core.package_identification:_identify(log) ignored
[0.476s] Level 1:colcon.colcon_core.package_discovery:discover_packages(recursive) using defaults
[0.477s] Level 1:colcon.colcon_core.package_discovery:discover_packages(ignore) discover
[0.477s] Level 1:colcon.colcon_core.package_discovery:discover_packages(ignore) using defaults
[0.477s] Level 1:colcon.colcon_core.package_discovery:discover_packages(path) discover
[0.477s] Level 1:colcon.colcon_core.package_discovery:discover_packages(path) using defaults
[0.514s] Level 1:colcon.colcon_core.package_discovery:discover_packages(prefix_path) check parameters
[0.514s] Level 1:colcon.colcon_core.package_discovery:discover_packages(prefix_path) discover
[0.518s] DEBUG:colcon.colcon_installed_package_information.package_discovery:Found 2 installed packages in /root/ros2_ws/install
[0.520s] DEBUG:colcon.colcon_installed_package_information.package_discovery:Found 209 installed packages in /opt/ros/humble
[0.522s] Level 1:colcon.colcon_core.package_discovery:discover_packages(prefix_path) using defaults
[0.575s] Level 5:colcon.colcon_core.verb:set package 'cirs_girona_cala_viuda' build argument 'cmake_args' from command line to 'None'
[0.576s] Level 5:colcon.colcon_core.verb:set package 'cirs_girona_cala_viuda' build argument 'cmake_target' from command line to 'all'
[0.576s] Level 5:colcon.colcon_core.verb:set package 'cirs_girona_cala_viuda' build argument 'cmake_target_skip_unavailable' from command line to 'False'
[0.576s] Level 5:colcon.colcon_core.verb:set package 'cirs_girona_cala_viuda' build argument 'cmake_clean_cache' from command line to 'False'
[0.576s] Level 5:colcon.colcon_core.verb:set package 'cirs_girona_cala_viuda' build argument 'cmake_clean_first' from command line to 'False'
[0.576s] Level 5:colcon.colcon_core.verb:set package 'cirs_girona_cala_viuda' build argument 'cmake_force_configure' from command line to 'False'
[0.576s] Level 5:colcon.colcon_core.verb:set package 'cirs_girona_cala_viuda' build argument 'ament_cmake_args' from command line to 'None'
[0.576s] Level 5:colcon.colcon_core.verb:set package 'cirs_girona_cala_viuda' build argument 'catkin_cmake_args' from command line to 'None'
[0.576s] Level 5:colcon.colcon_core.verb:set package 'cirs_girona_cala_viuda' build argument 'catkin_skip_building_tests' from command line to 'False'
[0.576s] DEBUG:colcon.colcon_core.verb:Building package 'cirs_girona_cala_viuda' with the following arguments: {'ament_cmake_args': None, 'build_base': '/host_ros2_ws/build/cirs_girona_cala_viuda', 'catkin_cmake_args': None, 'catkin_skip_building_tests': False, 'cmake_args': None, 'cmake_clean_cache': False, 'cmake_clean_first': False, 'cmake_force_configure': False, 'cmake_target': 'all', 'cmake_target_skip_unavailable': False, 'install_base': '/host_ros2_ws/install/cirs_girona_cala_viuda', 'merge_install': False, 'path': '/host_ros2_ws/cirs_girona_cala_viuda', 'symlink_install': False, 'test_result_base': None}
[0.576s] INFO:colcon.colcon_core.executor:Executing jobs using 'sequential' executor
[0.579s] DEBUG:colcon.colcon_core.executor.sequential:run_until_complete 'cirs_girona_cala_viuda'
[0.580s] INFO:colcon.colcon_ros.task.catkin.build:Building ROS package in '/host_ros2_ws/cirs_girona_cala_viuda' with build type 'catkin'
[0.580s] INFO:colcon.colcon_cmake.task.cmake.build:Building CMake package in '/host_ros2_ws/cirs_girona_cala_viuda'
[0.583s] INFO:colcon.colcon_core.plugin_system:Skipping extension 'colcon_core.shell.bat': Not used on non-Windows systems
[0.584s] INFO:colcon.colcon_core.shell:Skip shell extension 'powershell' for command environment: Not usable outside of PowerShell
[0.584s] DEBUG:colcon.colcon_core.shell:Skip shell extension 'dsv' for command environment
[0.599s] DEBUG:colcon.colcon_core.event_handler.log_command:Invoking command in '/host_ros2_ws/build/cirs_girona_cala_viuda': /usr/bin/cmake /host_ros2_ws/cirs_girona_cala_viuda -DCATKIN_INSTALL_INTO_PREFIX_ROOT=0 -DCMAKE_INSTALL_PREFIX=/host_ros2_ws/install/cirs_girona_cala_viuda
[0.646s] DEBUG:colcon.colcon_core.event_handler.log_command:Invoked command in '/host_ros2_ws/build/cirs_girona_cala_viuda' returned '1': /usr/bin/cmake /host_ros2_ws/cirs_girona_cala_viuda -DCATKIN_INSTALL_INTO_PREFIX_ROOT=0 -DCMAKE_INSTALL_PREFIX=/host_ros2_ws/install/cirs_girona_cala_viuda
[0.671s] Level 1:colcon.colcon_core.environment:create_environment_scripts_only(cirs_girona_cala_viuda)
[0.679s] Level 1:colcon.colcon_core.environment:checking '/host_ros2_ws/install/cirs_girona_cala_viuda' for CMake module files
[0.681s] Level 1:colcon.colcon_core.environment:checking '/host_ros2_ws/install/cirs_girona_cala_viuda' for CMake config files
[0.682s] Level 1:colcon.colcon_core.environment:checking '/host_ros2_ws/install/cirs_girona_cala_viuda/bin'
[0.682s] Level 1:colcon.colcon_core.environment:checking '/host_ros2_ws/install/cirs_girona_cala_viuda/lib/pkgconfig/cirs_girona_cala_viuda.pc'
[0.683s] Level 1:colcon.colcon_core.environment:checking '/host_ros2_ws/install/cirs_girona_cala_viuda/lib/python3.10/site-packages'
[0.684s] Level 1:colcon.colcon_core.environment:checking '/host_ros2_ws/install/cirs_girona_cala_viuda/bin'
[0.685s] INFO:colcon.colcon_core.shell:Creating package script '/host_ros2_ws/install/cirs_girona_cala_viuda/share/cirs_girona_cala_viuda/package.ps1'
[0.688s] INFO:colcon.colcon_core.shell:Creating package descriptor '/host_ros2_ws/install/cirs_girona_cala_viuda/share/cirs_girona_cala_viuda/package.dsv'
[0.734s] INFO:colcon.colcon_core.shell:Creating package script '/host_ros2_ws/install/cirs_girona_cala_viuda/share/cirs_girona_cala_viuda/package.sh'
[0.735s] INFO:colcon.colcon_core.shell:Creating package script '/host_ros2_ws/install/cirs_girona_cala_viuda/share/cirs_girona_cala_viuda/package.bash'
[0.737s] INFO:colcon.colcon_core.shell:Creating package script '/host_ros2_ws/install/cirs_girona_cala_viuda/share/cirs_girona_cala_viuda/package.zsh'
[0.738s] Level 1:colcon.colcon_core.environment:create_file_with_runtime_dependencies(/host_ros2_ws/install/cirs_girona_cala_viuda/share/colcon-core/packages/cirs_girona_cala_viuda)
[0.739s] DEBUG:colcon.colcon_core.executor.sequential:run_until_complete 'cirs_girona_cala_viuda' finished with '1'
[0.739s] DEBUG:colcon.colcon_core.executor.sequential:closing loop
[0.740s] DEBUG:colcon.colcon_core.executor.sequential:loop closed
[0.740s] DEBUG:colcon.colcon_core.event_reactor:joining thread
[0.761s] INFO:colcon.colcon_core.plugin_system:Skipping extension 'colcon_notification.desktop_notification.notify_send': Could not find 'notify-send'
[0.762s] INFO:colcon.colcon_core.plugin_system:Skipping extension 'colcon_notification.desktop_notification.terminal_notifier': Not used on non-Darwin systems
[0.762s] INFO:colcon.colcon_core.plugin_system:Skipping extension 'colcon_notification.desktop_notification.win32': Not used on non-Windows systems
[0.762s] INFO:colcon.colcon_notification.desktop_notification:Sending desktop notification using 'notify2'
[0.773s] DEBUG:colcon.colcon_notification.desktop_notification.notify2:Failed to initialize notify2: org.freedesktop.DBus.Error.Spawn.ExecFailed: /usr/bin/dbus-launch terminated abnormally without any error message
[0.774s] DEBUG:colcon.colcon_core.event_reactor:joined thread
[0.775s] INFO:colcon.colcon_core.shell:Creating prefix script '/host_ros2_ws/install/local_setup.ps1'
[0.779s] INFO:colcon.colcon_core.shell:Creating prefix util module '/host_ros2_ws/install/_local_setup_util_ps1.py'
[0.782s] INFO:colcon.colcon_core.shell:Creating prefix chain script '/host_ros2_ws/install/setup.ps1'
[0.785s] INFO:colcon.colcon_core.shell:Creating prefix script '/host_ros2_ws/install/local_setup.sh'
[0.786s] INFO:colcon.colcon_core.shell:Creating prefix util module '/host_ros2_ws/install/_local_setup_util_sh.py'
[0.788s] INFO:colcon.colcon_core.shell:Creating prefix chain script '/host_ros2_ws/install/setup.sh'
[0.791s] INFO:colcon.colcon_core.shell:Creating prefix script '/host_ros2_ws/install/local_setup.bash'
[0.792s] INFO:colcon.colcon_core.shell:Creating prefix chain script '/host_ros2_ws/install/setup.bash'
[0.795s] INFO:colcon.colcon_core.shell:Creating prefix script '/host_ros2_ws/install/local_setup.zsh'
[0.796s] INFO:colcon.colcon_core.shell:Creating prefix chain script '/host_ros2_ws/install/setup.zsh'
