[0.019s] Invoking command in '/host_ros2_ws/build/cirs_girona_cala_viuda': /usr/bin/cmake /host_ros2_ws/cirs_girona_cala_viuda -DCMAKE_BUILD_TYPE=Release -DCATKIN_DEVEL_PREFIX=devel -G=Unix Makefiles -DCATKIN_INSTALL_INTO_PREFIX_ROOT=0 -DCMAKE_INSTALL_PREFIX=/host_ros2_ws/install/cirs_girona_cala_viuda
[0.031s] [0mCMake Deprecation Warning at CMakeLists.txt:1 (cmake_minimum_required):
[0.031s]   Compatibility with CMake < 2.8.12 will be removed from a future version of
[0.031s]   CMake.
[0.031s] 
[0.031s]   Update the VERSION argument <min> value or use a ...<max> suffix to tell
[0.032s]   CMake that the project does not need compatibility with older versions.
[0.032s] 
[0.032s] [0m
[0.055s] [31mCMake Error at CMakeLists.txt:7 (find_package):
[0.055s]   By not providing "Findcatkin.cmake" in CMAKE_MODULE_PATH this project has
[0.055s]   asked CMake to find a package configuration file provided by "catkin", but
[0.055s]   CMake did not find one.
[0.056s] 
[0.056s]   Could not find a package configuration file provided by "catkin" with any
[0.056s]   of the following names:
[0.056s] 
[0.056s]     catkinConfig.cmake
[0.056s]     catkin-config.cmake
[0.057s] 
[0.057s]   Add the installation prefix of "catkin" to CMAKE_PREFIX_PATH or set
[0.057s]   "catkin_DIR" to a directory containing one of the above files.  If "catkin"
[0.057s]   provides a separate development package or SDK, be sure it has been
[0.057s]   installed.
[0.058s] 
[0.058s] [0m
[0.058s] -- Configuring incomplete, errors occurred!
[0.058s] See also "/host_ros2_ws/build/cirs_girona_cala_viuda/CMakeFiles/CMakeOutput.log".
[0.060s] Invoked command in '/host_ros2_ws/build/cirs_girona_cala_viuda' returned '1': /usr/bin/cmake /host_ros2_ws/cirs_girona_cala_viuda -DCMAKE_BUILD_TYPE=Release -DCATKIN_DEVEL_PREFIX=devel -G=Unix Makefiles -DCATKIN_INSTALL_INTO_PREFIX_ROOT=0 -DCMAKE_INSTALL_PREFIX=/host_ros2_ws/install/cirs_girona_cala_viuda
